c:\users\yifan\documents\visual studio 2015\projects\cs270-project2\cs270-project2\debug\vc140.pdb
c:\users\yifan\documents\visual studio 2015\projects\cs270-project2\cs270-project2\debug\vc140.idb
c:\users\yifan\documents\visual studio 2015\projects\cs270-project2\cs270-project2\debug\date-test.obj
c:\users\yifan\documents\visual studio 2015\projects\cs270-project2\cs270-project2\debug\date.obj
c:\users\yifan\documents\visual studio 2015\projects\cs270-project2\debug\cs270-project2.ilk
c:\users\yifan\documents\visual studio 2015\projects\cs270-project2\debug\cs270-project2.exe
c:\users\yifan\documents\visual studio 2015\projects\cs270-project2\debug\cs270-project2.pdb
c:\users\yifan\documents\visual studio 2015\projects\cs270-homework2\cs270-project2\debug\date-test.obj
c:\users\yifan\documents\visual studio 2015\projects\cs270-homework2\cs270-project2\debug\date.obj
c:\users\yifan\documents\visual studio 2015\projects\cs270-homework2\cs270-project2\debug\vc140.idb
c:\users\yifan\documents\visual studio 2015\projects\cs270-homework2\cs270-project2\debug\vc140.pdb
c:\users\yifan\documents\visual studio 2015\projects\cs270-homework2\debug\cs270-project2.pdb
c:\users\yifan\documents\visual studio 2015\projects\cs270-homework2\debug\cs270-project2.exe
c:\users\yifan\documents\visual studio 2015\projects\cs270-homework2\debug\cs270-project2.ilk
c:\users\yifan\documents\visual studio 2015\projects\cs270-homework2\cs270-project2\debug\cs270-project2.tlog\cl.command.1.tlog
c:\users\yifan\documents\visual studio 2015\projects\cs270-homework2\cs270-project2\debug\cs270-project2.tlog\cl.read.1.tlog
c:\users\yifan\documents\visual studio 2015\projects\cs270-homework2\cs270-project2\debug\cs270-project2.tlog\cl.write.1.tlog
c:\users\yifan\documents\visual studio 2015\projects\cs270-homework2\cs270-project2\debug\cs270-project2.tlog\link.command.1.tlog
c:\users\yifan\documents\visual studio 2015\projects\cs270-homework2\cs270-project2\debug\cs270-project2.tlog\link.read.1.tlog
c:\users\yifan\documents\visual studio 2015\projects\cs270-homework2\cs270-project2\debug\cs270-project2.tlog\link.write.1.tlog
